<?xml version="1.0" encoding="UTF-8"?>
<!-- Generated by org.testng.reporters.JUnitReportReporter -->
<testsuite skipped="0" hostname="DESKTOP-D0K3GCU" name="com.crm.testcases.LoginpageTest" tests="3" failures="0" timestamp="30 Jan 2019 20:09:59 GMT" time="21.053" errors="0">
  <testcase name="loginPageTitleTest" time="5.549" classname="com.crm.testcases.LoginpageTest"/>
  <testcase name="crmlogoTest" time="5.357" classname="com.crm.testcases.LoginpageTest"/>
  <testcase name="logintest" time="10.147" classname="com.crm.testcases.LoginpageTest"/>
</testsuite> <!-- com.crm.testcases.LoginpageTest -->
