<?xml version="1.0" encoding="UTF-8"?>
<!-- Generated by org.testng.reporters.JUnitReportReporter -->
<testsuite skipped="0" hostname="DESKTOP-D0K3GCU" name="com.crm.testcases.LoginpageTest" tests="3" failures="0" timestamp="30 Jan 2019 19:31:46 GMT" time="19.747" errors="0">
  <testcase name="loginPageTitleTest" time="5.358" classname="com.crm.testcases.LoginpageTest"/>
  <testcase name="crmlogoTest" time="5.390" classname="com.crm.testcases.LoginpageTest"/>
  <testcase name="logintest" time="8.999" classname="com.crm.testcases.LoginpageTest"/>
</testsuite> <!-- com.crm.testcases.LoginpageTest -->
